<?xml version="1.0" encoding="UTF-8"?>
<!-- Generated by org.testng.reporters.JUnitReportReporter -->
<testsuite hostname="LAPTOP-P5SBDCR3" failures="0" tests="1" name="DataDriven.ApachePoi" time="1.487" errors="0" timestamp="2022-03-06T14:58:08 IST" skipped="0">
  <testcase classname="DataDriven.ApachePoi" name="ApacheTest" time="1.487"/>
  <system-out/>
</testsuite> <!-- DataDriven.ApachePoi -->
