<?xml version="1.0" encoding="UTF-8"?>
<!-- Generated by org.testng.reporters.JUnitReportReporter -->
<testsuite hostname="LAPTOP-P5SBDCR3" failures="0" tests="1" name="Resources.Base" time="5.761" errors="0" timestamp="2022-03-03T19:48:51 IST" skipped="0">
  <testcase classname="Resources.Base" name="implementation" time="5.761"/>
  <system-out/>
</testsuite> <!-- Resources.Base -->
