<?xml version="1.0" encoding="UTF-8"?>
<!-- Generated by org.testng.reporters.JUnitReportReporter -->
<testsuite hostname="LAPTOP-P5SBDCR3" failures="0" tests="1" name="Salesforce.Base" time="5.180" errors="0" timestamp="2022-03-03T19:38:32 IST" skipped="0">
  <testcase classname="Salesforce.Base" name="implementation" time="5.180"/>
  <system-out/>
</testsuite> <!-- Salesforce.Base -->
