<?xml version="1.0" encoding="UTF-8"?>
<!-- Generated by org.testng.reporters.JUnitReportReporter -->
<testsuite hostname="LAPTOP-P5SBDCR3" failures="0" tests="1" name="Resources.DataBase" time="0.709" errors="0" timestamp="2022-03-06T18:57:55 IST" skipped="0">
  <testcase classname="Resources.DataBase" name="connection" time="0.709"/>
  <system-out/>
</testsuite> <!-- Resources.DataBase -->
