<?xml version="1.0" encoding="UTF-8"?>
<!-- Generated by org.testng.reporters.JUnitReportReporter -->
<testsuite hostname="LAPTOP-P5SBDCR3" failures="0" tests="1" name="Salesforce.HomePage" time="4.756" errors="0" timestamp="2022-03-15T15:07:11 IST" skipped="0">
  <testcase classname="Salesforce.HomePage" name="HomepageImplementation" time="4.756"/>
  <system-out/>
</testsuite> <!-- Salesforce.HomePage -->
