<?xml version="1.0" encoding="UTF-8"?>
<!-- Generated by org.testng.reporters.JUnitReportReporter -->
<testsuite hostname="LAPTOP-P5SBDCR3" failures="0" tests="1" name="Salesforce.HomePage" time="2.753" errors="0" timestamp="2022-03-03T22:57:40 IST" skipped="0">
  <testcase classname="Salesforce.HomePage" name="HomepageImplementation" time="2.753"/>
  <system-out/>
</testsuite> <!-- Salesforce.HomePage -->
